[2024-12-27T23:21:35.462+0000] {processor.py:161} INFO - Started process (PID=19) to work on /opt/airflow/dags/data_pipeline_dag.py
[2024-12-27T23:21:35.479+0000] {processor.py:830} INFO - Processing file /opt/airflow/dags/data_pipeline_dag.py for tasks to queue
[2024-12-27T23:21:35.499+0000] {logging_mixin.py:188} INFO - [2024-12-27T23:21:35.499+0000] {dagbag.py:538} INFO - Filling up the DagBag from /opt/airflow/dags/data_pipeline_dag.py
[2024-12-27T23:21:41.439+0000] {processor.py:840} INFO - DAG(s) 'data_pipeline_dag' retrieved from /opt/airflow/dags/data_pipeline_dag.py
[2024-12-27T23:21:42.028+0000] {logging_mixin.py:188} INFO - [2024-12-27T23:21:42.026+0000] {override.py:1769} INFO - Created Permission View: can read on DAG:data_pipeline_dag
[2024-12-27T23:21:42.075+0000] {logging_mixin.py:188} INFO - [2024-12-27T23:21:42.075+0000] {override.py:1769} INFO - Created Permission View: can delete on DAG:data_pipeline_dag
[2024-12-27T23:21:42.091+0000] {logging_mixin.py:188} INFO - [2024-12-27T23:21:42.091+0000] {override.py:1769} INFO - Created Permission View: can edit on DAG:data_pipeline_dag
[2024-12-27T23:21:42.094+0000] {logging_mixin.py:188} INFO - [2024-12-27T23:21:42.092+0000] {dag.py:3036} INFO - Sync 1 DAGs
[2024-12-27T23:21:42.115+0000] {logging_mixin.py:188} INFO - [2024-12-27T23:21:42.114+0000] {dag.py:3058} INFO - Creating ORM DAG for data_pipeline_dag
[2024-12-27T23:21:42.118+0000] {logging_mixin.py:188} INFO - [2024-12-27T23:21:42.118+0000] {dag.py:3823} INFO - Setting next_dagrun for data_pipeline_dag to None, run_after=None
[2024-12-27T23:21:42.154+0000] {processor.py:183} INFO - Processing /opt/airflow/dags/data_pipeline_dag.py took 6.701 seconds
[2024-12-27T23:22:12.974+0000] {processor.py:161} INFO - Started process (PID=21) to work on /opt/airflow/dags/data_pipeline_dag.py
[2024-12-27T23:22:12.979+0000] {processor.py:830} INFO - Processing file /opt/airflow/dags/data_pipeline_dag.py for tasks to queue
[2024-12-27T23:22:13.000+0000] {logging_mixin.py:188} INFO - [2024-12-27T23:22:12.988+0000] {dagbag.py:538} INFO - Filling up the DagBag from /opt/airflow/dags/data_pipeline_dag.py
[2024-12-27T23:22:16.689+0000] {processor.py:840} INFO - DAG(s) 'data_pipeline_dag' retrieved from /opt/airflow/dags/data_pipeline_dag.py
[2024-12-27T23:22:16.816+0000] {logging_mixin.py:188} INFO - [2024-12-27T23:22:16.815+0000] {dag.py:3036} INFO - Sync 1 DAGs
[2024-12-27T23:22:16.841+0000] {logging_mixin.py:188} INFO - [2024-12-27T23:22:16.841+0000] {dag.py:3823} INFO - Setting next_dagrun for data_pipeline_dag to None, run_after=None
[2024-12-27T23:22:16.880+0000] {processor.py:183} INFO - Processing /opt/airflow/dags/data_pipeline_dag.py took 3.986 seconds
[2024-12-27T23:22:47.137+0000] {processor.py:161} INFO - Started process (PID=23) to work on /opt/airflow/dags/data_pipeline_dag.py
[2024-12-27T23:22:47.139+0000] {processor.py:830} INFO - Processing file /opt/airflow/dags/data_pipeline_dag.py for tasks to queue
[2024-12-27T23:22:47.141+0000] {logging_mixin.py:188} INFO - [2024-12-27T23:22:47.141+0000] {dagbag.py:538} INFO - Filling up the DagBag from /opt/airflow/dags/data_pipeline_dag.py
[2024-12-27T23:22:48.532+0000] {processor.py:840} INFO - DAG(s) 'data_pipeline_dag' retrieved from /opt/airflow/dags/data_pipeline_dag.py
[2024-12-27T23:22:48.646+0000] {logging_mixin.py:188} INFO - [2024-12-27T23:22:48.645+0000] {dag.py:3036} INFO - Sync 1 DAGs
[2024-12-27T23:22:48.719+0000] {logging_mixin.py:188} INFO - [2024-12-27T23:22:48.719+0000] {dag.py:3823} INFO - Setting next_dagrun for data_pipeline_dag to None, run_after=None
[2024-12-27T23:22:48.826+0000] {processor.py:183} INFO - Processing /opt/airflow/dags/data_pipeline_dag.py took 1.694 seconds
[2024-12-27T23:23:19.549+0000] {processor.py:161} INFO - Started process (PID=26) to work on /opt/airflow/dags/data_pipeline_dag.py
[2024-12-27T23:23:19.570+0000] {processor.py:830} INFO - Processing file /opt/airflow/dags/data_pipeline_dag.py for tasks to queue
[2024-12-27T23:23:19.592+0000] {logging_mixin.py:188} INFO - [2024-12-27T23:23:19.586+0000] {dagbag.py:538} INFO - Filling up the DagBag from /opt/airflow/dags/data_pipeline_dag.py
[2024-12-27T23:23:26.522+0000] {processor.py:840} INFO - DAG(s) 'data_pipeline_dag' retrieved from /opt/airflow/dags/data_pipeline_dag.py
[2024-12-27T23:23:26.675+0000] {logging_mixin.py:188} INFO - [2024-12-27T23:23:26.674+0000] {dag.py:3036} INFO - Sync 1 DAGs
[2024-12-27T23:23:26.705+0000] {logging_mixin.py:188} INFO - [2024-12-27T23:23:26.705+0000] {dag.py:3823} INFO - Setting next_dagrun for data_pipeline_dag to None, run_after=None
[2024-12-27T23:23:26.754+0000] {processor.py:183} INFO - Processing /opt/airflow/dags/data_pipeline_dag.py took 7.249 seconds
[2024-12-27T23:23:57.169+0000] {processor.py:161} INFO - Started process (PID=35) to work on /opt/airflow/dags/data_pipeline_dag.py
[2024-12-27T23:23:57.173+0000] {processor.py:830} INFO - Processing file /opt/airflow/dags/data_pipeline_dag.py for tasks to queue
[2024-12-27T23:23:57.187+0000] {logging_mixin.py:188} INFO - [2024-12-27T23:23:57.181+0000] {dagbag.py:538} INFO - Filling up the DagBag from /opt/airflow/dags/data_pipeline_dag.py
[2024-12-27T23:24:00.162+0000] {processor.py:840} INFO - DAG(s) 'data_pipeline_dag' retrieved from /opt/airflow/dags/data_pipeline_dag.py
[2024-12-27T23:24:00.202+0000] {logging_mixin.py:188} INFO - [2024-12-27T23:24:00.201+0000] {dag.py:3036} INFO - Sync 1 DAGs
[2024-12-27T23:24:00.218+0000] {logging_mixin.py:188} INFO - [2024-12-27T23:24:00.218+0000] {dag.py:3823} INFO - Setting next_dagrun for data_pipeline_dag to None, run_after=None
[2024-12-27T23:24:00.245+0000] {processor.py:183} INFO - Processing /opt/airflow/dags/data_pipeline_dag.py took 3.129 seconds
[2024-12-27T23:24:30.313+0000] {processor.py:161} INFO - Started process (PID=37) to work on /opt/airflow/dags/data_pipeline_dag.py
[2024-12-27T23:24:30.315+0000] {processor.py:830} INFO - Processing file /opt/airflow/dags/data_pipeline_dag.py for tasks to queue
[2024-12-27T23:24:30.317+0000] {logging_mixin.py:188} INFO - [2024-12-27T23:24:30.317+0000] {dagbag.py:538} INFO - Filling up the DagBag from /opt/airflow/dags/data_pipeline_dag.py
[2024-12-27T23:24:30.805+0000] {processor.py:840} INFO - DAG(s) 'data_pipeline_dag' retrieved from /opt/airflow/dags/data_pipeline_dag.py
[2024-12-27T23:24:30.836+0000] {logging_mixin.py:188} INFO - [2024-12-27T23:24:30.836+0000] {dag.py:3036} INFO - Sync 1 DAGs
[2024-12-27T23:24:30.850+0000] {logging_mixin.py:188} INFO - [2024-12-27T23:24:30.850+0000] {dag.py:3823} INFO - Setting next_dagrun for data_pipeline_dag to None, run_after=None
[2024-12-27T23:24:30.878+0000] {processor.py:183} INFO - Processing /opt/airflow/dags/data_pipeline_dag.py took 0.568 seconds
[2024-12-27T23:25:01.113+0000] {processor.py:161} INFO - Started process (PID=39) to work on /opt/airflow/dags/data_pipeline_dag.py
[2024-12-27T23:25:01.115+0000] {processor.py:830} INFO - Processing file /opt/airflow/dags/data_pipeline_dag.py for tasks to queue
[2024-12-27T23:25:01.117+0000] {logging_mixin.py:188} INFO - [2024-12-27T23:25:01.116+0000] {dagbag.py:538} INFO - Filling up the DagBag from /opt/airflow/dags/data_pipeline_dag.py
[2024-12-27T23:25:01.658+0000] {processor.py:840} INFO - DAG(s) 'data_pipeline_dag' retrieved from /opt/airflow/dags/data_pipeline_dag.py
[2024-12-27T23:25:01.685+0000] {logging_mixin.py:188} INFO - [2024-12-27T23:25:01.684+0000] {dag.py:3036} INFO - Sync 1 DAGs
[2024-12-27T23:25:01.698+0000] {logging_mixin.py:188} INFO - [2024-12-27T23:25:01.698+0000] {dag.py:3823} INFO - Setting next_dagrun for data_pipeline_dag to None, run_after=None
[2024-12-27T23:25:01.728+0000] {processor.py:183} INFO - Processing /opt/airflow/dags/data_pipeline_dag.py took 0.618 seconds
[2024-12-27T23:25:31.880+0000] {processor.py:161} INFO - Started process (PID=41) to work on /opt/airflow/dags/data_pipeline_dag.py
[2024-12-27T23:25:31.882+0000] {processor.py:830} INFO - Processing file /opt/airflow/dags/data_pipeline_dag.py for tasks to queue
[2024-12-27T23:25:31.884+0000] {logging_mixin.py:188} INFO - [2024-12-27T23:25:31.883+0000] {dagbag.py:538} INFO - Filling up the DagBag from /opt/airflow/dags/data_pipeline_dag.py
[2024-12-27T23:25:32.389+0000] {processor.py:840} INFO - DAG(s) 'data_pipeline_dag' retrieved from /opt/airflow/dags/data_pipeline_dag.py
[2024-12-27T23:25:32.418+0000] {logging_mixin.py:188} INFO - [2024-12-27T23:25:32.417+0000] {dag.py:3036} INFO - Sync 1 DAGs
[2024-12-27T23:25:32.430+0000] {logging_mixin.py:188} INFO - [2024-12-27T23:25:32.430+0000] {dag.py:3823} INFO - Setting next_dagrun for data_pipeline_dag to None, run_after=None
[2024-12-27T23:25:32.459+0000] {processor.py:183} INFO - Processing /opt/airflow/dags/data_pipeline_dag.py took 0.582 seconds
[2024-12-27T23:26:02.703+0000] {processor.py:161} INFO - Started process (PID=43) to work on /opt/airflow/dags/data_pipeline_dag.py
[2024-12-27T23:26:02.705+0000] {processor.py:830} INFO - Processing file /opt/airflow/dags/data_pipeline_dag.py for tasks to queue
[2024-12-27T23:26:02.706+0000] {logging_mixin.py:188} INFO - [2024-12-27T23:26:02.706+0000] {dagbag.py:538} INFO - Filling up the DagBag from /opt/airflow/dags/data_pipeline_dag.py
[2024-12-27T23:26:03.177+0000] {processor.py:840} INFO - DAG(s) 'data_pipeline_dag' retrieved from /opt/airflow/dags/data_pipeline_dag.py
[2024-12-27T23:26:03.201+0000] {logging_mixin.py:188} INFO - [2024-12-27T23:26:03.201+0000] {dag.py:3036} INFO - Sync 1 DAGs
[2024-12-27T23:26:03.214+0000] {logging_mixin.py:188} INFO - [2024-12-27T23:26:03.213+0000] {dag.py:3823} INFO - Setting next_dagrun for data_pipeline_dag to None, run_after=None
[2024-12-27T23:26:03.242+0000] {processor.py:183} INFO - Processing /opt/airflow/dags/data_pipeline_dag.py took 0.542 seconds
[2024-12-27T23:26:33.347+0000] {processor.py:161} INFO - Started process (PID=45) to work on /opt/airflow/dags/data_pipeline_dag.py
[2024-12-27T23:26:33.348+0000] {processor.py:830} INFO - Processing file /opt/airflow/dags/data_pipeline_dag.py for tasks to queue
[2024-12-27T23:26:33.350+0000] {logging_mixin.py:188} INFO - [2024-12-27T23:26:33.349+0000] {dagbag.py:538} INFO - Filling up the DagBag from /opt/airflow/dags/data_pipeline_dag.py
[2024-12-27T23:26:33.855+0000] {processor.py:840} INFO - DAG(s) 'data_pipeline_dag' retrieved from /opt/airflow/dags/data_pipeline_dag.py
[2024-12-27T23:26:33.882+0000] {logging_mixin.py:188} INFO - [2024-12-27T23:26:33.882+0000] {dag.py:3036} INFO - Sync 1 DAGs
[2024-12-27T23:26:33.895+0000] {logging_mixin.py:188} INFO - [2024-12-27T23:26:33.894+0000] {dag.py:3823} INFO - Setting next_dagrun for data_pipeline_dag to None, run_after=None
[2024-12-27T23:26:33.923+0000] {processor.py:183} INFO - Processing /opt/airflow/dags/data_pipeline_dag.py took 0.579 seconds
[2024-12-27T23:27:04.151+0000] {processor.py:161} INFO - Started process (PID=47) to work on /opt/airflow/dags/data_pipeline_dag.py
[2024-12-27T23:27:04.152+0000] {processor.py:830} INFO - Processing file /opt/airflow/dags/data_pipeline_dag.py for tasks to queue
[2024-12-27T23:27:04.154+0000] {logging_mixin.py:188} INFO - [2024-12-27T23:27:04.153+0000] {dagbag.py:538} INFO - Filling up the DagBag from /opt/airflow/dags/data_pipeline_dag.py
[2024-12-27T23:27:04.716+0000] {processor.py:840} INFO - DAG(s) 'data_pipeline_dag' retrieved from /opt/airflow/dags/data_pipeline_dag.py
[2024-12-27T23:27:04.747+0000] {logging_mixin.py:188} INFO - [2024-12-27T23:27:04.747+0000] {dag.py:3036} INFO - Sync 1 DAGs
[2024-12-27T23:27:04.771+0000] {logging_mixin.py:188} INFO - [2024-12-27T23:27:04.770+0000] {dag.py:3823} INFO - Setting next_dagrun for data_pipeline_dag to None, run_after=None
[2024-12-27T23:27:04.811+0000] {processor.py:183} INFO - Processing /opt/airflow/dags/data_pipeline_dag.py took 0.663 seconds
[2024-12-27T23:27:34.933+0000] {processor.py:161} INFO - Started process (PID=49) to work on /opt/airflow/dags/data_pipeline_dag.py
[2024-12-27T23:27:34.935+0000] {processor.py:830} INFO - Processing file /opt/airflow/dags/data_pipeline_dag.py for tasks to queue
[2024-12-27T23:27:34.937+0000] {logging_mixin.py:188} INFO - [2024-12-27T23:27:34.936+0000] {dagbag.py:538} INFO - Filling up the DagBag from /opt/airflow/dags/data_pipeline_dag.py
[2024-12-27T23:27:35.458+0000] {processor.py:840} INFO - DAG(s) 'data_pipeline_dag' retrieved from /opt/airflow/dags/data_pipeline_dag.py
[2024-12-27T23:27:35.492+0000] {logging_mixin.py:188} INFO - [2024-12-27T23:27:35.492+0000] {dag.py:3036} INFO - Sync 1 DAGs
[2024-12-27T23:27:35.506+0000] {logging_mixin.py:188} INFO - [2024-12-27T23:27:35.506+0000] {dag.py:3823} INFO - Setting next_dagrun for data_pipeline_dag to None, run_after=None
[2024-12-27T23:27:35.538+0000] {processor.py:183} INFO - Processing /opt/airflow/dags/data_pipeline_dag.py took 0.607 seconds
[2024-12-27T23:28:05.786+0000] {processor.py:161} INFO - Started process (PID=51) to work on /opt/airflow/dags/data_pipeline_dag.py
[2024-12-27T23:28:05.789+0000] {processor.py:830} INFO - Processing file /opt/airflow/dags/data_pipeline_dag.py for tasks to queue
[2024-12-27T23:28:05.791+0000] {logging_mixin.py:188} INFO - [2024-12-27T23:28:05.790+0000] {dagbag.py:538} INFO - Filling up the DagBag from /opt/airflow/dags/data_pipeline_dag.py
[2024-12-27T23:28:06.385+0000] {processor.py:840} INFO - DAG(s) 'data_pipeline_dag' retrieved from /opt/airflow/dags/data_pipeline_dag.py
[2024-12-27T23:28:06.412+0000] {logging_mixin.py:188} INFO - [2024-12-27T23:28:06.411+0000] {dag.py:3036} INFO - Sync 1 DAGs
[2024-12-27T23:28:06.424+0000] {logging_mixin.py:188} INFO - [2024-12-27T23:28:06.424+0000] {dag.py:3823} INFO - Setting next_dagrun for data_pipeline_dag to None, run_after=None
[2024-12-27T23:28:06.456+0000] {processor.py:183} INFO - Processing /opt/airflow/dags/data_pipeline_dag.py took 0.675 seconds
[2024-12-27T23:28:36.689+0000] {processor.py:161} INFO - Started process (PID=54) to work on /opt/airflow/dags/data_pipeline_dag.py
[2024-12-27T23:28:36.691+0000] {processor.py:830} INFO - Processing file /opt/airflow/dags/data_pipeline_dag.py for tasks to queue
[2024-12-27T23:28:36.692+0000] {logging_mixin.py:188} INFO - [2024-12-27T23:28:36.692+0000] {dagbag.py:538} INFO - Filling up the DagBag from /opt/airflow/dags/data_pipeline_dag.py
[2024-12-27T23:28:37.520+0000] {processor.py:840} INFO - DAG(s) 'data_pipeline_dag' retrieved from /opt/airflow/dags/data_pipeline_dag.py
[2024-12-27T23:28:37.595+0000] {logging_mixin.py:188} INFO - [2024-12-27T23:28:37.594+0000] {dag.py:3036} INFO - Sync 1 DAGs
[2024-12-27T23:28:37.626+0000] {logging_mixin.py:188} INFO - [2024-12-27T23:28:37.626+0000] {dag.py:3823} INFO - Setting next_dagrun for data_pipeline_dag to None, run_after=None
[2024-12-27T23:28:37.671+0000] {processor.py:183} INFO - Processing /opt/airflow/dags/data_pipeline_dag.py took 0.986 seconds
[2024-12-27T23:29:07.968+0000] {processor.py:161} INFO - Started process (PID=59) to work on /opt/airflow/dags/data_pipeline_dag.py
[2024-12-27T23:29:07.971+0000] {processor.py:830} INFO - Processing file /opt/airflow/dags/data_pipeline_dag.py for tasks to queue
[2024-12-27T23:29:07.977+0000] {logging_mixin.py:188} INFO - [2024-12-27T23:29:07.975+0000] {dagbag.py:538} INFO - Filling up the DagBag from /opt/airflow/dags/data_pipeline_dag.py
[2024-12-27T23:29:09.093+0000] {processor.py:840} INFO - DAG(s) 'data_pipeline_dag' retrieved from /opt/airflow/dags/data_pipeline_dag.py
[2024-12-27T23:29:09.125+0000] {logging_mixin.py:188} INFO - [2024-12-27T23:29:09.125+0000] {dag.py:3036} INFO - Sync 1 DAGs
[2024-12-27T23:29:09.141+0000] {logging_mixin.py:188} INFO - [2024-12-27T23:29:09.141+0000] {dag.py:3823} INFO - Setting next_dagrun for data_pipeline_dag to None, run_after=None
[2024-12-27T23:29:09.169+0000] {processor.py:183} INFO - Processing /opt/airflow/dags/data_pipeline_dag.py took 1.211 seconds
[2024-12-27T23:29:39.392+0000] {processor.py:161} INFO - Started process (PID=61) to work on /opt/airflow/dags/data_pipeline_dag.py
[2024-12-27T23:29:39.393+0000] {processor.py:830} INFO - Processing file /opt/airflow/dags/data_pipeline_dag.py for tasks to queue
[2024-12-27T23:29:39.395+0000] {logging_mixin.py:188} INFO - [2024-12-27T23:29:39.394+0000] {dagbag.py:538} INFO - Filling up the DagBag from /opt/airflow/dags/data_pipeline_dag.py
[2024-12-27T23:29:39.902+0000] {processor.py:840} INFO - DAG(s) 'data_pipeline_dag' retrieved from /opt/airflow/dags/data_pipeline_dag.py
[2024-12-27T23:29:39.933+0000] {logging_mixin.py:188} INFO - [2024-12-27T23:29:39.933+0000] {dag.py:3036} INFO - Sync 1 DAGs
[2024-12-27T23:29:39.948+0000] {logging_mixin.py:188} INFO - [2024-12-27T23:29:39.947+0000] {dag.py:3823} INFO - Setting next_dagrun for data_pipeline_dag to None, run_after=None
[2024-12-27T23:29:39.976+0000] {processor.py:183} INFO - Processing /opt/airflow/dags/data_pipeline_dag.py took 0.588 seconds
[2024-12-27T23:30:10.214+0000] {processor.py:161} INFO - Started process (PID=63) to work on /opt/airflow/dags/data_pipeline_dag.py
[2024-12-27T23:30:10.216+0000] {processor.py:830} INFO - Processing file /opt/airflow/dags/data_pipeline_dag.py for tasks to queue
[2024-12-27T23:30:10.218+0000] {logging_mixin.py:188} INFO - [2024-12-27T23:30:10.217+0000] {dagbag.py:538} INFO - Filling up the DagBag from /opt/airflow/dags/data_pipeline_dag.py
[2024-12-27T23:30:10.855+0000] {processor.py:840} INFO - DAG(s) 'data_pipeline_dag' retrieved from /opt/airflow/dags/data_pipeline_dag.py
[2024-12-27T23:30:10.887+0000] {logging_mixin.py:188} INFO - [2024-12-27T23:30:10.886+0000] {dag.py:3036} INFO - Sync 1 DAGs
[2024-12-27T23:30:10.901+0000] {logging_mixin.py:188} INFO - [2024-12-27T23:30:10.901+0000] {dag.py:3823} INFO - Setting next_dagrun for data_pipeline_dag to None, run_after=None
[2024-12-27T23:30:10.931+0000] {processor.py:183} INFO - Processing /opt/airflow/dags/data_pipeline_dag.py took 0.720 seconds
[2024-12-27T23:30:41.165+0000] {processor.py:161} INFO - Started process (PID=65) to work on /opt/airflow/dags/data_pipeline_dag.py
[2024-12-27T23:30:41.166+0000] {processor.py:830} INFO - Processing file /opt/airflow/dags/data_pipeline_dag.py for tasks to queue
[2024-12-27T23:30:41.168+0000] {logging_mixin.py:188} INFO - [2024-12-27T23:30:41.167+0000] {dagbag.py:538} INFO - Filling up the DagBag from /opt/airflow/dags/data_pipeline_dag.py
[2024-12-27T23:30:41.647+0000] {processor.py:840} INFO - DAG(s) 'data_pipeline_dag' retrieved from /opt/airflow/dags/data_pipeline_dag.py
[2024-12-27T23:30:41.678+0000] {logging_mixin.py:188} INFO - [2024-12-27T23:30:41.677+0000] {dag.py:3036} INFO - Sync 1 DAGs
[2024-12-27T23:30:41.689+0000] {logging_mixin.py:188} INFO - [2024-12-27T23:30:41.689+0000] {dag.py:3823} INFO - Setting next_dagrun for data_pipeline_dag to None, run_after=None
[2024-12-27T23:30:41.715+0000] {processor.py:183} INFO - Processing /opt/airflow/dags/data_pipeline_dag.py took 0.552 seconds
[2024-12-27T23:31:11.961+0000] {processor.py:161} INFO - Started process (PID=67) to work on /opt/airflow/dags/data_pipeline_dag.py
[2024-12-27T23:31:11.963+0000] {processor.py:830} INFO - Processing file /opt/airflow/dags/data_pipeline_dag.py for tasks to queue
[2024-12-27T23:31:11.965+0000] {logging_mixin.py:188} INFO - [2024-12-27T23:31:11.964+0000] {dagbag.py:538} INFO - Filling up the DagBag from /opt/airflow/dags/data_pipeline_dag.py
[2024-12-27T23:31:12.455+0000] {processor.py:840} INFO - DAG(s) 'data_pipeline_dag' retrieved from /opt/airflow/dags/data_pipeline_dag.py
[2024-12-27T23:31:12.483+0000] {logging_mixin.py:188} INFO - [2024-12-27T23:31:12.482+0000] {dag.py:3036} INFO - Sync 1 DAGs
[2024-12-27T23:31:12.497+0000] {logging_mixin.py:188} INFO - [2024-12-27T23:31:12.497+0000] {dag.py:3823} INFO - Setting next_dagrun for data_pipeline_dag to None, run_after=None
[2024-12-27T23:31:12.524+0000] {processor.py:183} INFO - Processing /opt/airflow/dags/data_pipeline_dag.py took 0.566 seconds
[2024-12-27T23:31:42.607+0000] {processor.py:161} INFO - Started process (PID=69) to work on /opt/airflow/dags/data_pipeline_dag.py
[2024-12-27T23:31:42.608+0000] {processor.py:830} INFO - Processing file /opt/airflow/dags/data_pipeline_dag.py for tasks to queue
[2024-12-27T23:31:42.610+0000] {logging_mixin.py:188} INFO - [2024-12-27T23:31:42.609+0000] {dagbag.py:538} INFO - Filling up the DagBag from /opt/airflow/dags/data_pipeline_dag.py
[2024-12-27T23:31:43.121+0000] {processor.py:840} INFO - DAG(s) 'data_pipeline_dag' retrieved from /opt/airflow/dags/data_pipeline_dag.py
[2024-12-27T23:31:43.151+0000] {logging_mixin.py:188} INFO - [2024-12-27T23:31:43.151+0000] {dag.py:3036} INFO - Sync 1 DAGs
[2024-12-27T23:31:43.166+0000] {logging_mixin.py:188} INFO - [2024-12-27T23:31:43.166+0000] {dag.py:3823} INFO - Setting next_dagrun for data_pipeline_dag to None, run_after=None
[2024-12-27T23:31:43.196+0000] {processor.py:183} INFO - Processing /opt/airflow/dags/data_pipeline_dag.py took 0.592 seconds
[2024-12-27T23:32:13.440+0000] {processor.py:161} INFO - Started process (PID=71) to work on /opt/airflow/dags/data_pipeline_dag.py
[2024-12-27T23:32:13.441+0000] {processor.py:830} INFO - Processing file /opt/airflow/dags/data_pipeline_dag.py for tasks to queue
[2024-12-27T23:32:13.443+0000] {logging_mixin.py:188} INFO - [2024-12-27T23:32:13.443+0000] {dagbag.py:538} INFO - Filling up the DagBag from /opt/airflow/dags/data_pipeline_dag.py
[2024-12-27T23:32:13.965+0000] {processor.py:840} INFO - DAG(s) 'data_pipeline_dag' retrieved from /opt/airflow/dags/data_pipeline_dag.py
[2024-12-27T23:32:13.991+0000] {logging_mixin.py:188} INFO - [2024-12-27T23:32:13.990+0000] {dag.py:3036} INFO - Sync 1 DAGs
[2024-12-27T23:32:14.004+0000] {logging_mixin.py:188} INFO - [2024-12-27T23:32:14.004+0000] {dag.py:3823} INFO - Setting next_dagrun for data_pipeline_dag to None, run_after=None
[2024-12-27T23:32:14.033+0000] {processor.py:183} INFO - Processing /opt/airflow/dags/data_pipeline_dag.py took 0.596 seconds
